c:\users\nicolas\desktop\scripts\winapiprojects\grid_project_cpp\debug\grid_project_cpp.pdb
c:\users\nicolas\desktop\scripts\winapiprojects\grid_project_cpp\debug\grid_project_cpp.idb
c:\users\nicolas\desktop\scripts\winapiprojects\grid_project_cpp\debug\core_packer_algorithm.obj
c:\users\nicolas\desktop\scripts\winapiprojects\grid_project_cpp\debug\custom_button.obj
c:\users\nicolas\desktop\scripts\winapiprojects\grid_project_cpp\debug\custom_control.obj
c:\users\nicolas\desktop\scripts\winapiprojects\grid_project_cpp\debug\custom_edit.obj
c:\users\nicolas\desktop\scripts\winapiprojects\grid_project_cpp\debug\custom_frame.obj
c:\users\nicolas\desktop\scripts\winapiprojects\grid_project_cpp\debug\custom_spinbox.obj
c:\users\nicolas\desktop\scripts\winapiprojects\grid_project_cpp\debug\custom_updown.obj
c:\users\nicolas\desktop\scripts\winapiprojects\grid_project_cpp\debug\custom_window.obj
c:\users\nicolas\desktop\scripts\winapiprojects\grid_project_cpp\debug\custom_window_packer.obj
c:\users\nicolas\desktop\scripts\winapiprojects\grid_project_cpp\debug\general_window_tools.obj
c:\users\nicolas\desktop\scripts\winapiprojects\debug\grid_project_cpp.lib
c:\users\nicolas\desktop\scripts\winapiprojects\debug\grid_project_cpp.pdb
c:\users\nicolas\desktop\scripts\winapiprojects\grid_project_cpp\debug\grid_project_cpp.tlog\cl.command.1.tlog
c:\users\nicolas\desktop\scripts\winapiprojects\grid_project_cpp\debug\grid_project_cpp.tlog\cl.read.1.tlog
c:\users\nicolas\desktop\scripts\winapiprojects\grid_project_cpp\debug\grid_project_cpp.tlog\cl.write.1.tlog
c:\users\nicolas\desktop\scripts\winapiprojects\grid_project_cpp\debug\grid_project_cpp.tlog\lib-link.read.1.tlog
c:\users\nicolas\desktop\scripts\winapiprojects\grid_project_cpp\debug\grid_project_cpp.tlog\lib-link.write.1.tlog
c:\users\nicolas\desktop\scripts\winapiprojects\grid_project_cpp\debug\grid_project_cpp.tlog\lib.command.1.tlog
