c:\users\nicolas\desktop\scripts\winapiprojects\grid_project_cpp\release\vc140.pdb
c:\users\nicolas\desktop\scripts\winapiprojects\grid_project_cpp\release\main3.obj
c:\users\nicolas\desktop\scripts\winapiprojects\grid_project_cpp\release\general_window_tools.obj
c:\users\nicolas\desktop\scripts\winapiprojects\grid_project_cpp\release\custom_window_packer.obj
c:\users\nicolas\desktop\scripts\winapiprojects\grid_project_cpp\release\custom_window.obj
c:\users\nicolas\desktop\scripts\winapiprojects\grid_project_cpp\release\custom_updown.obj
c:\users\nicolas\desktop\scripts\winapiprojects\grid_project_cpp\release\custom_spinbox.obj
c:\users\nicolas\desktop\scripts\winapiprojects\grid_project_cpp\release\custom_frame.obj
c:\users\nicolas\desktop\scripts\winapiprojects\grid_project_cpp\release\custom_edit.obj
c:\users\nicolas\desktop\scripts\winapiprojects\grid_project_cpp\release\custom_control.obj
c:\users\nicolas\desktop\scripts\winapiprojects\grid_project_cpp\release\custom_button.obj
c:\users\nicolas\desktop\scripts\winapiprojects\grid_project_cpp\release\core_packer_algorithm.obj
c:\users\nicolas\desktop\scripts\winapiprojects\release\grid_project_cpp.exe
c:\users\nicolas\desktop\scripts\winapiprojects\release\grid_project_cpp.ipdb
c:\users\nicolas\desktop\scripts\winapiprojects\release\grid_project_cpp.iobj
c:\users\nicolas\desktop\scripts\winapiprojects\release\grid_project_cpp.pdb
c:\users\nicolas\desktop\scripts\winapiprojects\grid_project_cpp\release\grid_project_cpp.tlog\cl.command.1.tlog
c:\users\nicolas\desktop\scripts\winapiprojects\grid_project_cpp\release\grid_project_cpp.tlog\cl.read.1.tlog
c:\users\nicolas\desktop\scripts\winapiprojects\grid_project_cpp\release\grid_project_cpp.tlog\cl.write.1.tlog
c:\users\nicolas\desktop\scripts\winapiprojects\grid_project_cpp\release\grid_project_cpp.tlog\link.command.1.tlog
c:\users\nicolas\desktop\scripts\winapiprojects\grid_project_cpp\release\grid_project_cpp.tlog\link.read.1.tlog
c:\users\nicolas\desktop\scripts\winapiprojects\grid_project_cpp\release\grid_project_cpp.tlog\link.write.1.tlog
