c:\users\nicolas\desktop\scripts\winapiprojects\line_bouncing_logic\debug\vc140.pdb
c:\users\nicolas\desktop\scripts\winapiprojects\line_bouncing_logic\debug\vc140.idb
c:\users\nicolas\desktop\scripts\winapiprojects\line_bouncing_logic\debug\bouncematrix.obj
c:\users\nicolas\desktop\scripts\winapiprojects\line_bouncing_logic\debug\bounceprocessor.obj
c:\users\nicolas\desktop\scripts\winapiprojects\line_bouncing_logic\debug\general_types.obj
c:\users\nicolas\desktop\scripts\winapiprojects\line_bouncing_logic\debug\interpolatedlv.obj
c:\users\nicolas\desktop\scripts\winapiprojects\line_bouncing_logic\debug\interpolatedlv_selection.obj
c:\users\nicolas\desktop\scripts\winapiprojects\line_bouncing_logic\debug\locvector.obj
c:\users\nicolas\desktop\scripts\winapiprojects\line_bouncing_logic\debug\main.obj
c:\users\nicolas\desktop\scripts\winapiprojects\line_bouncing_logic\debug\target_line_finding.obj
c:\users\nicolas\desktop\scripts\winapiprojects\debug\line_bouncing_logic.pdb
c:\users\nicolas\desktop\scripts\winapiprojects\line_bouncing_logic\debug\line_bou.8549b7d3.tlog\cl.command.1.tlog
c:\users\nicolas\desktop\scripts\winapiprojects\line_bouncing_logic\debug\line_bou.8549b7d3.tlog\cl.read.1.tlog
c:\users\nicolas\desktop\scripts\winapiprojects\line_bouncing_logic\debug\line_bou.8549b7d3.tlog\cl.write.1.tlog
c:\users\nicolas\desktop\scripts\winapiprojects\line_bouncing_logic\debug\line_bou.8549b7d3.tlog\link-cvtres.read.1.tlog
c:\users\nicolas\desktop\scripts\winapiprojects\line_bouncing_logic\debug\line_bou.8549b7d3.tlog\link-cvtres.write.1.tlog
c:\users\nicolas\desktop\scripts\winapiprojects\line_bouncing_logic\debug\line_bou.8549b7d3.tlog\link-rc.read.1.tlog
c:\users\nicolas\desktop\scripts\winapiprojects\line_bouncing_logic\debug\line_bou.8549b7d3.tlog\link-rc.write.1.tlog
c:\users\nicolas\desktop\scripts\winapiprojects\line_bouncing_logic\debug\line_bou.8549b7d3.tlog\link.command.1.tlog
c:\users\nicolas\desktop\scripts\winapiprojects\line_bouncing_logic\debug\line_bou.8549b7d3.tlog\link.read.1.tlog
c:\users\nicolas\desktop\scripts\winapiprojects\line_bouncing_logic\debug\line_bou.8549b7d3.tlog\link.write.1.tlog
